2025-04-08 13:39:51,990 - INFO - Application started
2025-04-08 13:39:58,046 - INFO - Viewing app.log logs
2025-04-08 13:40:23,279 - INFO - Viewing app.log logs
2025-04-08 13:40:29,263 - INFO - Viewing app.log logs
2025-04-08 13:40:29,621 - INFO - Viewing app.log logs
2025-04-08 13:40:29,952 - INFO - Viewing app.log logs
2025-04-08 13:40:30,238 - INFO - Viewing app.log logs
2025-04-08 13:40:30,431 - INFO - Viewing app.log logs
2025-04-08 13:40:30,626 - INFO - Viewing app.log logs
2025-04-08 13:40:30,817 - INFO - Viewing app.log logs
2025-04-08 13:40:31,032 - INFO - Viewing app.log logs
2025-04-08 13:40:31,126 - INFO - Viewing app.log logs
2025-04-08 13:41:40,803 - INFO - Application started
2025-04-08 13:42:37,506 - INFO - Application started
2025-04-08 13:47:40,867 - INFO - Application started
2025-04-08 13:48:11,269 - INFO - Application started
2025-04-08 13:58:19,006 - INFO - Application started
2025-04-08 13:58:19,020 - ERROR - Keep-alive ping failed: Working outside of request context.

This typically means that you attempted to use functionality that needed
an active HTTP request. Consult the documentation on testing for
information about how to avoid this problem.
2025-04-08 13:58:19,276 - INFO - Application started
2025-04-08 13:58:19,291 - ERROR - Keep-alive ping failed: Working outside of request context.

This typically means that you attempted to use functionality that needed
an active HTTP request. Consult the documentation on testing for
information about how to avoid this problem.
2025-04-08 13:58:20,902 - INFO - Application started
2025-04-08 13:58:20,916 - ERROR - Keep-alive ping failed: Working outside of request context.

This typically means that you attempted to use functionality that needed
an active HTTP request. Consult the documentation on testing for
information about how to avoid this problem.
2025-04-08 13:58:26,594 - INFO - Application started
2025-04-08 13:58:26,609 - ERROR - Keep-alive ping failed: Working outside of request context.

This typically means that you attempted to use functionality that needed
an active HTTP request. Consult the documentation on testing for
information about how to avoid this problem.
2025-04-08 13:58:31,214 - INFO - Application started
2025-04-08 13:58:31,228 - ERROR - Keep-alive ping failed: Working outside of request context.

This typically means that you attempted to use functionality that needed
an active HTTP request. Consult the documentation on testing for
information about how to avoid this problem.
2025-04-08 13:58:36,739 - INFO - Application started
2025-04-08 13:58:36,753 - ERROR - Keep-alive ping failed: Working outside of request context.

This typically means that you attempted to use functionality that needed
an active HTTP request. Consult the documentation on testing for
information about how to avoid this problem.
2025-04-08 13:58:40,626 - INFO - Application started
2025-04-08 13:58:40,641 - ERROR - Keep-alive ping failed: Working outside of request context.

This typically means that you attempted to use functionality that needed
an active HTTP request. Consult the documentation on testing for
information about how to avoid this problem.
2025-04-08 13:58:41,476 - INFO - Application started
2025-04-08 13:58:41,492 - ERROR - Keep-alive ping failed: Working outside of request context.

This typically means that you attempted to use functionality that needed
an active HTTP request. Consult the documentation on testing for
information about how to avoid this problem.
2025-04-08 13:58:46,185 - INFO - Application started
2025-04-08 13:58:46,201 - ERROR - Keep-alive ping failed: Working outside of request context.

This typically means that you attempted to use functionality that needed
an active HTTP request. Consult the documentation on testing for
information about how to avoid this problem.
2025-04-08 13:58:51,888 - INFO - Application started
2025-04-08 13:58:51,905 - ERROR - Keep-alive ping failed: Working outside of request context.

This typically means that you attempted to use functionality that needed
an active HTTP request. Consult the documentation on testing for
information about how to avoid this problem.
2025-04-08 13:58:53,732 - INFO - Application started
2025-04-08 13:58:54,317 - INFO - Alive check received
2025-04-08 13:58:54,322 - INFO - Keep-alive ping successful: 200
2025-04-08 13:58:56,681 - INFO - Application started
2025-04-08 13:58:56,990 - INFO - Alive check received
2025-04-08 13:58:56,994 - INFO - Keep-alive ping successful: 200
2025-04-08 13:59:02,261 - INFO - Application started
2025-04-08 13:59:02,578 - INFO - Alive check received
2025-04-08 13:59:02,579 - INFO - Keep-alive ping successful: 200
2025-04-08 13:59:06,885 - INFO - Application started
2025-04-08 13:59:07,270 - INFO - Alive check received
2025-04-08 13:59:07,272 - INFO - Keep-alive ping successful: 200
2025-04-08 13:59:12,585 - INFO - Application started
2025-04-08 13:59:12,828 - INFO - Alive check received
2025-04-08 13:59:12,884 - INFO - Keep-alive ping successful: 200
2025-04-08 13:59:17,153 - INFO - Application started
2025-04-08 13:59:17,482 - INFO - Alive check received
2025-04-08 13:59:17,483 - INFO - Keep-alive ping successful: 200
2025-04-08 13:59:22,787 - INFO - Application started
2025-04-08 13:59:23,106 - INFO - Alive check received
2025-04-08 13:59:23,108 - INFO - Keep-alive ping successful: 200
2025-04-08 13:59:27,374 - INFO - Application started
2025-04-08 13:59:27,703 - INFO - Alive check received
2025-04-08 13:59:27,705 - INFO - Keep-alive ping successful: 200
2025-04-08 13:59:32,994 - INFO - Application started
2025-04-08 13:59:33,323 - INFO - Alive check received
2025-04-08 13:59:33,336 - INFO - Keep-alive ping successful: 200
2025-04-08 13:59:36,683 - INFO - Application started
2025-04-08 13:59:37,026 - INFO - Alive check received
2025-04-08 13:59:37,028 - INFO - Keep-alive ping successful: 200
2025-04-08 13:59:42,354 - INFO - Application started
2025-04-08 13:59:42,717 - INFO - Alive check received
2025-04-08 13:59:42,734 - INFO - Keep-alive ping successful: 200
2025-04-08 13:59:47,117 - INFO - Application started
2025-04-08 13:59:47,607 - INFO - Alive check received
2025-04-08 13:59:47,633 - INFO - Keep-alive ping successful: 200
2025-04-08 13:59:53,008 - INFO - Application started
2025-04-08 13:59:53,407 - INFO - Alive check received
2025-04-08 13:59:53,409 - INFO - Keep-alive ping successful: 200
2025-04-08 13:59:54,735 - INFO - Application started
2025-04-08 13:59:55,116 - INFO - Alive check received
2025-04-08 13:59:55,137 - INFO - Keep-alive ping successful: 200
2025-04-08 13:59:57,714 - INFO - Application started
2025-04-08 13:59:58,403 - INFO - Alive check received
2025-04-08 13:59:58,411 - INFO - Keep-alive ping successful: 200
2025-04-08 13:59:59,755 - INFO - Application started
2025-04-08 13:59:59,773 - INFO - Keep-alive service started, pinging http://192.168.150.116:5000/alive every 15 minutes
2025-04-08 14:00:00,122 - INFO - Alive check received
2025-04-08 14:00:00,149 - INFO - Keep-alive ping successful: 200
2025-04-08 14:00:03,466 - INFO - Application started
2025-04-08 14:00:03,482 - INFO - Keep-alive service started, pinging http://192.168.150.116:5000/alive every 15 minutes
2025-04-08 14:00:03,842 - INFO - Alive check received
2025-04-08 14:00:03,846 - INFO - Keep-alive ping successful: 200
2025-04-08 14:00:08,126 - INFO - Application started
2025-04-08 14:00:08,140 - INFO - Keep-alive service started, pinging http://192.168.150.116:5000/alive every 15 minutes
2025-04-08 14:00:08,457 - INFO - Alive check received
2025-04-08 14:00:08,459 - INFO - Keep-alive ping successful: 200
2025-04-08 14:00:13,727 - INFO - Application started
2025-04-08 14:00:13,742 - INFO - Keep-alive service started, pinging http://192.168.150.116:5000/alive every 15 minutes
2025-04-08 14:00:14,078 - INFO - Alive check received
2025-04-08 14:00:14,080 - INFO - Keep-alive ping successful: 200
2025-04-08 14:00:22,235 - INFO - Application started
2025-04-08 14:00:22,252 - INFO - Keep-alive service started, pinging http://192.168.150.116:5000/alive every 15 minutes
2025-04-08 14:00:22,257 - ERROR - Keep-alive ping failed: HTTPConnectionPool(host='192.168.150.116', port=5000): Max retries exceeded with url: /alive (Caused by NewConnectionError('<urllib3.connection.HTTPConnection object at 0x74de38a13650>: Failed to establish a new connection: [Errno 111] Connection refused'))
2025-04-08 14:00:22,486 - INFO - Application started
2025-04-08 14:00:22,502 - INFO - Keep-alive service started, pinging http://192.168.150.116:5000/alive every 15 minutes
2025-04-08 14:00:22,727 - INFO - Alive check received
2025-04-08 14:00:22,728 - INFO - Keep-alive ping successful: 200
2025-04-08 14:00:24,991 - INFO - Application started
2025-04-08 14:00:25,007 - INFO - Keep-alive service started, pinging http://192.168.150.116:5000/alive every 15 minutes
2025-04-08 14:00:25,227 - INFO - Alive check received
2025-04-08 14:00:25,235 - INFO - Keep-alive ping successful: 200
2025-04-08 14:00:29,498 - INFO - Application started
2025-04-08 14:00:29,515 - INFO - Keep-alive service started, pinging http://192.168.150.116:5000/alive every 15 minutes
2025-04-08 14:00:29,821 - INFO - Alive check received
2025-04-08 14:00:29,823 - INFO - Keep-alive ping successful: 200
2025-04-08 14:00:34,148 - INFO - Application started
2025-04-08 14:00:34,165 - INFO - Keep-alive service started, pinging http://192.168.150.116:5000/alive every 15 minutes
2025-04-08 14:00:34,498 - INFO - Alive check received
2025-04-08 14:00:34,501 - INFO - Keep-alive ping successful: 200
2025-04-08 14:00:39,766 - INFO - Application started
2025-04-08 14:00:39,781 - INFO - Keep-alive service started, pinging http://192.168.150.116:5000/alive every 15 minutes
2025-04-08 14:00:40,085 - INFO - Alive check received
2025-04-08 14:00:40,087 - INFO - Keep-alive ping successful: 200
2025-04-08 14:00:45,384 - INFO - Application started
2025-04-08 14:00:45,399 - INFO - Keep-alive service started, pinging http://192.168.150.116:5000/alive every 15 minutes
2025-04-08 14:00:45,628 - INFO - Alive check received
2025-04-08 14:00:45,641 - INFO - Keep-alive ping successful: 200
2025-04-08 14:00:49,908 - INFO - Application started
2025-04-08 14:00:49,924 - INFO - Keep-alive service started, pinging http://192.168.150.116:5000/alive every 15 minutes
2025-04-08 14:00:50,224 - INFO - Alive check received
2025-04-08 14:00:50,226 - INFO - Keep-alive ping successful: 200
2025-04-08 14:00:55,525 - INFO - Application started
2025-04-08 14:00:55,539 - INFO - Keep-alive service started, pinging http://192.168.150.116:5000/alive every 15 minutes
2025-04-08 14:00:55,902 - INFO - Alive check received
2025-04-08 14:00:55,904 - INFO - Keep-alive ping successful: 200
2025-04-08 14:01:00,171 - INFO - Application started
2025-04-08 14:01:00,184 - INFO - Keep-alive service started, pinging http://192.168.150.116:5000/alive every 15 minutes
2025-04-08 14:01:00,507 - INFO - Alive check received
2025-04-08 14:01:00,510 - INFO - Keep-alive ping successful: 200
2025-04-08 14:01:05,783 - INFO - Application started
2025-04-08 14:01:05,797 - INFO - Keep-alive service started, pinging http://192.168.150.116:5000/alive every 15 minutes
2025-04-08 14:01:06,106 - INFO - Alive check received
2025-04-08 14:01:06,120 - INFO - Keep-alive ping successful: 200
2025-04-08 14:01:08,379 - INFO - Application started
2025-04-08 14:01:08,398 - INFO - Keep-alive service started, pinging http://192.168.150.116:5000/alive every 15 minutes
2025-04-08 14:01:08,706 - INFO - Alive check received
2025-04-08 14:01:08,708 - INFO - Keep-alive ping successful: 200
2025-04-08 14:01:10,050 - INFO - Application started
2025-04-08 14:01:10,064 - INFO - Keep-alive service started, pinging http://192.168.150.116:5000/alive every 15 minutes
2025-04-08 14:01:10,608 - INFO - Alive check received
2025-04-08 14:01:10,610 - INFO - Keep-alive ping successful: 200
2025-04-08 14:01:11,969 - INFO - Application started
2025-04-08 14:01:11,985 - INFO - Keep-alive service started, pinging http://192.168.150.116:5000/alive every 15 minutes
2025-04-08 14:01:12,354 - INFO - Alive check received
2025-04-08 14:01:12,355 - INFO - Keep-alive ping successful: 200
2025-04-08 14:01:15,687 - INFO - Application started
2025-04-08 14:01:15,704 - INFO - Keep-alive service started, pinging http://192.168.150.116:5000/alive every 15 minutes
2025-04-08 14:01:16,059 - INFO - Alive check received
2025-04-08 14:01:16,083 - INFO - Keep-alive ping successful: 200
2025-04-08 14:01:20,440 - INFO - Application started
2025-04-08 14:01:20,459 - INFO - Keep-alive service started, pinging http://192.168.150.116:5000/alive every 15 minutes
2025-04-08 14:01:20,706 - INFO - Alive check received
2025-04-08 14:01:20,731 - INFO - Keep-alive ping successful: 200
2025-04-08 14:01:22,133 - INFO - Application started
2025-04-08 14:01:22,154 - INFO - Keep-alive service started, pinging http://192.168.150.116:5000/alive every 15 minutes
2025-04-08 14:01:22,564 - INFO - Alive check received
2025-04-08 14:01:22,571 - INFO - Keep-alive ping successful: 200
2025-04-08 14:01:25,903 - INFO - Application started
2025-04-08 14:01:25,920 - INFO - Keep-alive service started, pinging http://192.168.150.116:5000/alive every 15 minutes
2025-04-08 14:01:26,303 - INFO - Alive check received
2025-04-08 14:01:26,305 - INFO - Keep-alive ping successful: 200
2025-04-08 14:01:28,819 - INFO - Application started
2025-04-08 14:01:28,846 - INFO - Keep-alive service started, pinging http://192.168.150.116:5000/alive every 15 minutes
2025-04-08 14:01:28,868 - INFO - Alive check received
2025-04-08 14:01:28,905 - INFO - Keep-alive ping successful: 200
2025-04-08 14:02:14,555 - INFO - Application started
2025-04-08 14:02:14,570 - INFO - Keep-alive service started, pinging http://192.168.150.116:5000/alive every 15 minutes
2025-04-08 14:02:14,574 - ERROR - Keep-alive ping failed: HTTPConnectionPool(host='192.168.150.116', port=5000): Max retries exceeded with url: /alive (Caused by NewConnectionError('<urllib3.connection.HTTPConnection object at 0x7f694c9bf0b0>: Failed to establish a new connection: [Errno 111] Connection refused'))
2025-04-08 14:17:14,577 - INFO - Alive check received
2025-04-08 14:17:14,578 - INFO - Keep-alive ping successful: 200
2025-04-08 14:17:58,894 - INFO - Alive check received
2025-04-08 14:18:09,709 - INFO - Alive check received
